e:\google ドライブ\projects\github\lua_binder\files\visual_studio_solution\luabinder\debug\vc120.pdb
e:\google ドライブ\projects\github\lua_binder\files\visual_studio_solution\luabinder\debug\vc120.idb
e:\google ドライブ\projects\github\lua_binder\files\visual_studio_solution\luabinder\debug\linit.obj
e:\google ドライブ\projects\github\lua_binder\files\visual_studio_solution\luabinder\debug\liolib.obj
e:\google ドライブ\projects\github\lua_binder\files\visual_studio_solution\luabinder\debug\llex.obj
e:\google ドライブ\projects\github\lua_binder\files\visual_studio_solution\luabinder\debug\lmathlib.obj
e:\google ドライブ\projects\github\lua_binder\files\visual_studio_solution\luabinder\debug\lmem.obj
e:\google ドライブ\projects\github\lua_binder\files\visual_studio_solution\luabinder\debug\loadlib.obj
e:\google ドライブ\projects\github\lua_binder\files\visual_studio_solution\luabinder\debug\lobject.obj
e:\google ドライブ\projects\github\lua_binder\files\visual_studio_solution\luabinder\debug\lopcodes.obj
e:\google ドライブ\projects\github\lua_binder\files\visual_studio_solution\luabinder\debug\loslib.obj
e:\google ドライブ\projects\github\lua_binder\files\visual_studio_solution\luabinder\debug\lparser.obj
e:\google ドライブ\projects\github\lua_binder\files\visual_studio_solution\luabinder\debug\lstate.obj
e:\google ドライブ\projects\github\lua_binder\files\visual_studio_solution\luabinder\debug\lstring.obj
e:\google ドライブ\projects\github\lua_binder\files\visual_studio_solution\luabinder\debug\lstrlib.obj
e:\google ドライブ\projects\github\lua_binder\files\visual_studio_solution\luabinder\debug\ltable.obj
e:\google ドライブ\projects\github\lua_binder\files\visual_studio_solution\luabinder\debug\ltablib.obj
e:\google ドライブ\projects\github\lua_binder\files\visual_studio_solution\luabinder\debug\ltm.obj
e:\google ドライブ\projects\github\lua_binder\files\visual_studio_solution\luabinder\debug\lundump.obj
e:\google ドライブ\projects\github\lua_binder\files\visual_studio_solution\luabinder\debug\lutf8lib.obj
e:\google ドライブ\projects\github\lua_binder\files\visual_studio_solution\luabinder\debug\lvm.obj
e:\google ドライブ\projects\github\lua_binder\files\visual_studio_solution\luabinder\debug\lzio.obj
e:\google ドライブ\projects\github\lua_binder\files\visual_studio_solution\luabinder\debug\lapi.obj
e:\google ドライブ\projects\github\lua_binder\files\visual_studio_solution\luabinder\debug\lauxlib.obj
e:\google ドライブ\projects\github\lua_binder\files\visual_studio_solution\luabinder\debug\lbaselib.obj
e:\google ドライブ\projects\github\lua_binder\files\visual_studio_solution\luabinder\debug\lbitlib.obj
e:\google ドライブ\projects\github\lua_binder\files\visual_studio_solution\luabinder\debug\lcode.obj
e:\google ドライブ\projects\github\lua_binder\files\visual_studio_solution\luabinder\debug\lcorolib.obj
e:\google ドライブ\projects\github\lua_binder\files\visual_studio_solution\luabinder\debug\lctype.obj
e:\google ドライブ\projects\github\lua_binder\files\visual_studio_solution\luabinder\debug\ldblib.obj
e:\google ドライブ\projects\github\lua_binder\files\visual_studio_solution\luabinder\debug\ldebug.obj
e:\google ドライブ\projects\github\lua_binder\files\visual_studio_solution\luabinder\debug\ldo.obj
e:\google ドライブ\projects\github\lua_binder\files\visual_studio_solution\luabinder\debug\ldump.obj
e:\google ドライブ\projects\github\lua_binder\files\visual_studio_solution\luabinder\debug\lfunc.obj
e:\google ドライブ\projects\github\lua_binder\files\visual_studio_solution\luabinder\debug\lgc.obj
e:\google ドライブ\projects\github\lua_binder\files\visual_studio_solution\luabinder\debug\test.obj
e:\google ドライブ\projects\github\lua_binder\files\visual_studio_solution\debug\luabinder.ilk
e:\google ドライブ\projects\github\lua_binder\files\visual_studio_solution\debug\luabinder.exe
e:\google ドライブ\projects\github\lua_binder\files\visual_studio_solution\debug\luabinder.pdb
e:\google ドライブ\projects\github\lua_binder\files\visual_studio_solution\luabinder\debug\luabinder.tlog\cl.command.1.tlog
e:\google ドライブ\projects\github\lua_binder\files\visual_studio_solution\luabinder\debug\luabinder.tlog\cl.read.1.tlog
e:\google ドライブ\projects\github\lua_binder\files\visual_studio_solution\luabinder\debug\luabinder.tlog\cl.write.1.tlog
e:\google ドライブ\projects\github\lua_binder\files\visual_studio_solution\luabinder\debug\luabinder.tlog\link.command.1.tlog
e:\google ドライブ\projects\github\lua_binder\files\visual_studio_solution\luabinder\debug\luabinder.tlog\link.read.1.tlog
e:\google ドライブ\projects\github\lua_binder\files\visual_studio_solution\luabinder\debug\luabinder.tlog\link.write.1.tlog
