e:\google ドライブ\projects\github\lua_binder\files\visual_studio_solution\luabinder\release\vc120.pdb
e:\google ドライブ\projects\github\lua_binder\files\visual_studio_solution\luabinder\release\lobject.obj
e:\google ドライブ\projects\github\lua_binder\files\visual_studio_solution\luabinder\release\loadlib.obj
e:\google ドライブ\projects\github\lua_binder\files\visual_studio_solution\luabinder\release\lmem.obj
e:\google ドライブ\projects\github\lua_binder\files\visual_studio_solution\luabinder\release\lmathlib.obj
e:\google ドライブ\projects\github\lua_binder\files\visual_studio_solution\luabinder\release\llex.obj
e:\google ドライブ\projects\github\lua_binder\files\visual_studio_solution\luabinder\release\liolib.obj
e:\google ドライブ\projects\github\lua_binder\files\visual_studio_solution\luabinder\release\linit.obj
e:\google ドライブ\projects\github\lua_binder\files\visual_studio_solution\luabinder\release\lgc.obj
e:\google ドライブ\projects\github\lua_binder\files\visual_studio_solution\luabinder\release\lfunc.obj
e:\google ドライブ\projects\github\lua_binder\files\visual_studio_solution\luabinder\release\ldump.obj
e:\google ドライブ\projects\github\lua_binder\files\visual_studio_solution\luabinder\release\ldo.obj
e:\google ドライブ\projects\github\lua_binder\files\visual_studio_solution\luabinder\release\ldebug.obj
e:\google ドライブ\projects\github\lua_binder\files\visual_studio_solution\luabinder\release\ldblib.obj
e:\google ドライブ\projects\github\lua_binder\files\visual_studio_solution\luabinder\release\lctype.obj
e:\google ドライブ\projects\github\lua_binder\files\visual_studio_solution\luabinder\release\lcorolib.obj
e:\google ドライブ\projects\github\lua_binder\files\visual_studio_solution\luabinder\release\lcode.obj
e:\google ドライブ\projects\github\lua_binder\files\visual_studio_solution\luabinder\release\lbitlib.obj
e:\google ドライブ\projects\github\lua_binder\files\visual_studio_solution\luabinder\release\lbaselib.obj
e:\google ドライブ\projects\github\lua_binder\files\visual_studio_solution\luabinder\release\lauxlib.obj
e:\google ドライブ\projects\github\lua_binder\files\visual_studio_solution\luabinder\release\lapi.obj
e:\google ドライブ\projects\github\lua_binder\files\visual_studio_solution\luabinder\release\lzio.obj
e:\google ドライブ\projects\github\lua_binder\files\visual_studio_solution\luabinder\release\lvm.obj
e:\google ドライブ\projects\github\lua_binder\files\visual_studio_solution\luabinder\release\lutf8lib.obj
e:\google ドライブ\projects\github\lua_binder\files\visual_studio_solution\luabinder\release\lundump.obj
e:\google ドライブ\projects\github\lua_binder\files\visual_studio_solution\luabinder\release\ltm.obj
e:\google ドライブ\projects\github\lua_binder\files\visual_studio_solution\luabinder\release\ltablib.obj
e:\google ドライブ\projects\github\lua_binder\files\visual_studio_solution\luabinder\release\ltable.obj
e:\google ドライブ\projects\github\lua_binder\files\visual_studio_solution\luabinder\release\lstrlib.obj
e:\google ドライブ\projects\github\lua_binder\files\visual_studio_solution\luabinder\release\lstring.obj
e:\google ドライブ\projects\github\lua_binder\files\visual_studio_solution\luabinder\release\lstate.obj
e:\google ドライブ\projects\github\lua_binder\files\visual_studio_solution\luabinder\release\lparser.obj
e:\google ドライブ\projects\github\lua_binder\files\visual_studio_solution\luabinder\release\loslib.obj
e:\google ドライブ\projects\github\lua_binder\files\visual_studio_solution\luabinder\release\lopcodes.obj
e:\google ドライブ\projects\github\lua_binder\files\visual_studio_solution\luabinder\release\test.obj
e:\google ドライブ\projects\github\lua_binder\files\visual_studio_solution\release\luabinder.exe
e:\google ドライブ\projects\github\lua_binder\files\visual_studio_solution\release\luabinder.pdb
e:\google ドライブ\projects\github\lua_binder\files\visual_studio_solution\luabinder\release\luabinder.tlog\cl.command.1.tlog
e:\google ドライブ\projects\github\lua_binder\files\visual_studio_solution\luabinder\release\luabinder.tlog\cl.read.1.tlog
e:\google ドライブ\projects\github\lua_binder\files\visual_studio_solution\luabinder\release\luabinder.tlog\cl.write.1.tlog
e:\google ドライブ\projects\github\lua_binder\files\visual_studio_solution\luabinder\release\luabinder.tlog\link.command.1.tlog
e:\google ドライブ\projects\github\lua_binder\files\visual_studio_solution\luabinder\release\luabinder.tlog\link.read.1.tlog
e:\google ドライブ\projects\github\lua_binder\files\visual_studio_solution\luabinder\release\luabinder.tlog\link.write.1.tlog
